<?xml version="1.0" encoding="UTF-8"?>
<testng-results skipped="4" failed="0" ignored="0" total="4" passed="0">
  <reporter-output>
  </reporter-output>
  <suite name="Default suite" duration-ms="3866" started-at="2020-09-09T08:41:08Z" finished-at="2020-09-09T08:41:12Z">
    <groups>
      <group name="SmokeTest">
        <method signature="VehicleStoreTestCases.verifyHomePageHeader()[pri:0, instance:com.qa.store.test.VehicleStoreTestCases@3d74bf60]" name="verifyHomePageHeader" class="com.qa.store.test.VehicleStoreTestCases"/>
        <method signature="VehicleStoreTestCases.verifyPageTitle()[pri:0, instance:com.qa.store.test.VehicleStoreTestCases@3d74bf60]" name="verifyPageTitle" class="com.qa.store.test.VehicleStoreTestCases"/>
      </group> <!-- SmokeTest -->
    </groups>
    <test name="Default test" duration-ms="3866" started-at="2020-09-09T08:41:08Z" finished-at="2020-09-09T08:41:12Z">
      <class name="com.qa.store.test.VehicleStoreTestCases">
        <test-method status="FAIL" signature="openBrowser()[pri:0, instance:com.qa.store.test.VehicleStoreTestCases@3d74bf60]" name="openBrowser" is-config="true" duration-ms="3795" started-at="2020-09-09T08:41:08Z" finished-at="2020-09-09T08:41:12Z">
          <exception class="org.openqa.selenium.SessionNotCreatedException">
            <message>
              <![CDATA[session not created: This version of ChromeDriver only supports Chrome version 83
Build info: version: '3.141.59', revision: 'e82be7d358', time: '2018-11-14T08:17:03'
System info: host: 'NOLAPF2LGFWS043', ip: '172.17.47.177', os.name: 'Windows 10', os.arch: 'amd64', os.version: '10.0', java.version: '1.8.0_241'
Driver info: driver.version: ChromeDriver
remote stacktrace: Backtrace:
Ordinal0 [0x00819563+2725219]
Ordinal0 [0x00718551+1672529]
Ordinal0 [0x00600359+525145]
Ordinal0 [0x00590B77+68471]
Ordinal0 [0x0058D32C+54060]
Ordinal0 [0x005ACC37+183351]
Ordinal0 [0x005ACA3D+182845]
Ordinal0 [0x005AA94B+174411]
Ordinal0 [0x00592528+75048]
Ordinal0 [0x005935A0+79264]
Ordinal0 [0x00593539+79161]
Ordinal0 [0x0072D607+1758727]
GetHandleVerifier [0x00936546+1050150]
GetHandleVerifier [0x00936291+1049457]
GetHandleVerifier [0x009410D7+1094071]
GetHandleVerifier [0x00936B46+1051686]
Ordinal0 [0x00725B06+1727238]
Ordinal0 [0x0072EB7B+1764219]
Ordinal0 [0x0072ECE3+1764579]
Ordinal0 [0x00744C05+1854469]
BaseThreadInitThunk [0x76BF6359+25]
RtlGetAppContainerNamedObjectPath [0x778D7C24+228]
RtlGetAppContainerNamedObjectPath [0x778D7BF4+180]
]]>
            </message>
            <full-stacktrace>
              <![CDATA[org.openqa.selenium.SessionNotCreatedException: session not created: This version of ChromeDriver only supports Chrome version 83
Build info: version: '3.141.59', revision: 'e82be7d358', time: '2018-11-14T08:17:03'
System info: host: 'NOLAPF2LGFWS043', ip: '172.17.47.177', os.name: 'Windows 10', os.arch: 'amd64', os.version: '10.0', java.version: '1.8.0_241'
Driver info: driver.version: ChromeDriver
remote stacktrace: Backtrace:
Ordinal0 [0x00819563+2725219]
Ordinal0 [0x00718551+1672529]
Ordinal0 [0x00600359+525145]
Ordinal0 [0x00590B77+68471]
Ordinal0 [0x0058D32C+54060]
Ordinal0 [0x005ACC37+183351]
Ordinal0 [0x005ACA3D+182845]
Ordinal0 [0x005AA94B+174411]
Ordinal0 [0x00592528+75048]
Ordinal0 [0x005935A0+79264]
Ordinal0 [0x00593539+79161]
Ordinal0 [0x0072D607+1758727]
GetHandleVerifier [0x00936546+1050150]
GetHandleVerifier [0x00936291+1049457]
GetHandleVerifier [0x009410D7+1094071]
GetHandleVerifier [0x00936B46+1051686]
Ordinal0 [0x00725B06+1727238]
Ordinal0 [0x0072EB7B+1764219]
Ordinal0 [0x0072ECE3+1764579]
Ordinal0 [0x00744C05+1854469]
BaseThreadInitThunk [0x76BF6359+25]
RtlGetAppContainerNamedObjectPath [0x778D7C24+228]
RtlGetAppContainerNamedObjectPath [0x778D7BF4+180]

at sun.reflect.NativeConstructorAccessorImpl.newInstance0(Native Method)
at sun.reflect.NativeConstructorAccessorImpl.newInstance(NativeConstructorAccessorImpl.java:62)
at sun.reflect.DelegatingConstructorAccessorImpl.newInstance(DelegatingConstructorAccessorImpl.java:45)
at java.lang.reflect.Constructor.newInstance(Constructor.java:423)
at org.openqa.selenium.remote.W3CHandshakeResponse.lambda$errorHandler$0(W3CHandshakeResponse.java:62)
at org.openqa.selenium.remote.HandshakeResponse.lambda$getResponseFunction$0(HandshakeResponse.java:30)
at org.openqa.selenium.remote.ProtocolHandshake.lambda$createSession$0(ProtocolHandshake.java:126)
at java.util.stream.ReferencePipeline$3$1.accept(ReferencePipeline.java:193)
at java.util.Spliterators$ArraySpliterator.tryAdvance(Spliterators.java:958)
at java.util.stream.ReferencePipeline.forEachWithCancel(ReferencePipeline.java:126)
at java.util.stream.AbstractPipeline.copyIntoWithCancel(AbstractPipeline.java:499)
at java.util.stream.AbstractPipeline.copyInto(AbstractPipeline.java:486)
at java.util.stream.AbstractPipeline.wrapAndCopyInto(AbstractPipeline.java:472)
at java.util.stream.FindOps$FindOp.evaluateSequential(FindOps.java:152)
at java.util.stream.AbstractPipeline.evaluate(AbstractPipeline.java:234)
at java.util.stream.ReferencePipeline.findFirst(ReferencePipeline.java:464)
at org.openqa.selenium.remote.ProtocolHandshake.createSession(ProtocolHandshake.java:128)
at org.openqa.selenium.remote.ProtocolHandshake.createSession(ProtocolHandshake.java:74)
at org.openqa.selenium.remote.HttpCommandExecutor.execute(HttpCommandExecutor.java:136)
at org.openqa.selenium.remote.service.DriverCommandExecutor.execute(DriverCommandExecutor.java:83)
at org.openqa.selenium.remote.RemoteWebDriver.execute(RemoteWebDriver.java:552)
at org.openqa.selenium.remote.RemoteWebDriver.startSession(RemoteWebDriver.java:213)
at org.openqa.selenium.remote.RemoteWebDriver.<init>(RemoteWebDriver.java:131)
at org.openqa.selenium.chrome.ChromeDriver.<init>(ChromeDriver.java:181)
at org.openqa.selenium.chrome.ChromeDriver.<init>(ChromeDriver.java:168)
at org.openqa.selenium.chrome.ChromeDriver.<init>(ChromeDriver.java:123)
at com.qa.store.test.VehicleStoreTestCases.openBrowser(VehicleStoreTestCases.java:23)
at sun.reflect.NativeMethodAccessorImpl.invoke0(Native Method)
at sun.reflect.NativeMethodAccessorImpl.invoke(NativeMethodAccessorImpl.java:62)
at sun.reflect.DelegatingMethodAccessorImpl.invoke(DelegatingMethodAccessorImpl.java:43)
at java.lang.reflect.Method.invoke(Method.java:498)
at org.testng.internal.MethodInvocationHelper.invokeMethod(MethodInvocationHelper.java:124)
at org.testng.internal.MethodInvocationHelper.invokeMethodConsideringTimeout(MethodInvocationHelper.java:59)
at org.testng.internal.Invoker.invokeConfigurationMethod(Invoker.java:458)
at org.testng.internal.Invoker.invokeConfigurations(Invoker.java:222)
at org.testng.internal.Invoker.invokeMethod(Invoker.java:523)
at org.testng.internal.Invoker.invokeTestMethod(Invoker.java:719)
at org.testng.internal.Invoker.invokeTestMethods(Invoker.java:989)
at org.testng.internal.TestMethodWorker.invokeTestMethods(TestMethodWorker.java:125)
at org.testng.internal.TestMethodWorker.run(TestMethodWorker.java:109)
at org.testng.TestRunner.privateRun(TestRunner.java:648)
at org.testng.TestRunner.run(TestRunner.java:505)
at org.testng.SuiteRunner.runTest(SuiteRunner.java:455)
at org.testng.SuiteRunner.runSequentially(SuiteRunner.java:450)
at org.testng.SuiteRunner.privateRun(SuiteRunner.java:415)
at org.testng.SuiteRunner.run(SuiteRunner.java:364)
at org.testng.SuiteRunnerWorker.runSuite(SuiteRunnerWorker.java:52)
at org.testng.SuiteRunnerWorker.run(SuiteRunnerWorker.java:84)
at org.testng.TestNG.runSuitesSequentially(TestNG.java:1208)
at org.testng.TestNG.runSuitesLocally(TestNG.java:1137)
at org.testng.TestNG.runSuites(TestNG.java:1049)
at org.testng.TestNG.run(TestNG.java:1017)
at org.testng.remote.AbstractRemoteTestNG.run(AbstractRemoteTestNG.java:115)
at org.testng.remote.RemoteTestNG.initAndRun(RemoteTestNG.java:251)
at org.testng.remote.RemoteTestNG.main(RemoteTestNG.java:77)
]]>
            </full-stacktrace>
          </exception> <!-- org.openqa.selenium.SessionNotCreatedException -->
          <reporter-output>
          </reporter-output>
        </test-method> <!-- openBrowser -->
        <test-method status="SKIP" signature="verifyHomePageHeader()[pri:0, instance:com.qa.store.test.VehicleStoreTestCases@3d74bf60]" name="verifyHomePageHeader" duration-ms="0" started-at="2020-09-09T08:41:12Z" finished-at="2020-09-09T08:41:12Z">
          <exception class="org.openqa.selenium.SessionNotCreatedException">
            <message>
              <![CDATA[session not created: This version of ChromeDriver only supports Chrome version 83
Build info: version: '3.141.59', revision: 'e82be7d358', time: '2018-11-14T08:17:03'
System info: host: 'NOLAPF2LGFWS043', ip: '172.17.47.177', os.name: 'Windows 10', os.arch: 'amd64', os.version: '10.0', java.version: '1.8.0_241'
Driver info: driver.version: ChromeDriver
remote stacktrace: Backtrace:
Ordinal0 [0x00819563+2725219]
Ordinal0 [0x00718551+1672529]
Ordinal0 [0x00600359+525145]
Ordinal0 [0x00590B77+68471]
Ordinal0 [0x0058D32C+54060]
Ordinal0 [0x005ACC37+183351]
Ordinal0 [0x005ACA3D+182845]
Ordinal0 [0x005AA94B+174411]
Ordinal0 [0x00592528+75048]
Ordinal0 [0x005935A0+79264]
Ordinal0 [0x00593539+79161]
Ordinal0 [0x0072D607+1758727]
GetHandleVerifier [0x00936546+1050150]
GetHandleVerifier [0x00936291+1049457]
GetHandleVerifier [0x009410D7+1094071]
GetHandleVerifier [0x00936B46+1051686]
Ordinal0 [0x00725B06+1727238]
Ordinal0 [0x0072EB7B+1764219]
Ordinal0 [0x0072ECE3+1764579]
Ordinal0 [0x00744C05+1854469]
BaseThreadInitThunk [0x76BF6359+25]
RtlGetAppContainerNamedObjectPath [0x778D7C24+228]
RtlGetAppContainerNamedObjectPath [0x778D7BF4+180]
]]>
            </message>
            <full-stacktrace>
              <![CDATA[org.openqa.selenium.SessionNotCreatedException: session not created: This version of ChromeDriver only supports Chrome version 83
Build info: version: '3.141.59', revision: 'e82be7d358', time: '2018-11-14T08:17:03'
System info: host: 'NOLAPF2LGFWS043', ip: '172.17.47.177', os.name: 'Windows 10', os.arch: 'amd64', os.version: '10.0', java.version: '1.8.0_241'
Driver info: driver.version: ChromeDriver
remote stacktrace: Backtrace:
Ordinal0 [0x00819563+2725219]
Ordinal0 [0x00718551+1672529]
Ordinal0 [0x00600359+525145]
Ordinal0 [0x00590B77+68471]
Ordinal0 [0x0058D32C+54060]
Ordinal0 [0x005ACC37+183351]
Ordinal0 [0x005ACA3D+182845]
Ordinal0 [0x005AA94B+174411]
Ordinal0 [0x00592528+75048]
Ordinal0 [0x005935A0+79264]
Ordinal0 [0x00593539+79161]
Ordinal0 [0x0072D607+1758727]
GetHandleVerifier [0x00936546+1050150]
GetHandleVerifier [0x00936291+1049457]
GetHandleVerifier [0x009410D7+1094071]
GetHandleVerifier [0x00936B46+1051686]
Ordinal0 [0x00725B06+1727238]
Ordinal0 [0x0072EB7B+1764219]
Ordinal0 [0x0072ECE3+1764579]
Ordinal0 [0x00744C05+1854469]
BaseThreadInitThunk [0x76BF6359+25]
RtlGetAppContainerNamedObjectPath [0x778D7C24+228]
RtlGetAppContainerNamedObjectPath [0x778D7BF4+180]

at sun.reflect.NativeConstructorAccessorImpl.newInstance0(Native Method)
at sun.reflect.NativeConstructorAccessorImpl.newInstance(NativeConstructorAccessorImpl.java:62)
at sun.reflect.DelegatingConstructorAccessorImpl.newInstance(DelegatingConstructorAccessorImpl.java:45)
at java.lang.reflect.Constructor.newInstance(Constructor.java:423)
at org.openqa.selenium.remote.W3CHandshakeResponse.lambda$errorHandler$0(W3CHandshakeResponse.java:62)
at org.openqa.selenium.remote.HandshakeResponse.lambda$getResponseFunction$0(HandshakeResponse.java:30)
at org.openqa.selenium.remote.ProtocolHandshake.lambda$createSession$0(ProtocolHandshake.java:126)
at java.util.stream.ReferencePipeline$3$1.accept(ReferencePipeline.java:193)
at java.util.Spliterators$ArraySpliterator.tryAdvance(Spliterators.java:958)
at java.util.stream.ReferencePipeline.forEachWithCancel(ReferencePipeline.java:126)
at java.util.stream.AbstractPipeline.copyIntoWithCancel(AbstractPipeline.java:499)
at java.util.stream.AbstractPipeline.copyInto(AbstractPipeline.java:486)
at java.util.stream.AbstractPipeline.wrapAndCopyInto(AbstractPipeline.java:472)
at java.util.stream.FindOps$FindOp.evaluateSequential(FindOps.java:152)
at java.util.stream.AbstractPipeline.evaluate(AbstractPipeline.java:234)
at java.util.stream.ReferencePipeline.findFirst(ReferencePipeline.java:464)
at org.openqa.selenium.remote.ProtocolHandshake.createSession(ProtocolHandshake.java:128)
at org.openqa.selenium.remote.ProtocolHandshake.createSession(ProtocolHandshake.java:74)
at org.openqa.selenium.remote.HttpCommandExecutor.execute(HttpCommandExecutor.java:136)
at org.openqa.selenium.remote.service.DriverCommandExecutor.execute(DriverCommandExecutor.java:83)
at org.openqa.selenium.remote.RemoteWebDriver.execute(RemoteWebDriver.java:552)
at org.openqa.selenium.remote.RemoteWebDriver.startSession(RemoteWebDriver.java:213)
at org.openqa.selenium.remote.RemoteWebDriver.<init>(RemoteWebDriver.java:131)
at org.openqa.selenium.chrome.ChromeDriver.<init>(ChromeDriver.java:181)
at org.openqa.selenium.chrome.ChromeDriver.<init>(ChromeDriver.java:168)
at org.openqa.selenium.chrome.ChromeDriver.<init>(ChromeDriver.java:123)
at com.qa.store.test.VehicleStoreTestCases.openBrowser(VehicleStoreTestCases.java:23)
at sun.reflect.NativeMethodAccessorImpl.invoke0(Native Method)
at sun.reflect.NativeMethodAccessorImpl.invoke(NativeMethodAccessorImpl.java:62)
at sun.reflect.DelegatingMethodAccessorImpl.invoke(DelegatingMethodAccessorImpl.java:43)
at java.lang.reflect.Method.invoke(Method.java:498)
at org.testng.internal.MethodInvocationHelper.invokeMethod(MethodInvocationHelper.java:124)
at org.testng.internal.MethodInvocationHelper.invokeMethodConsideringTimeout(MethodInvocationHelper.java:59)
at org.testng.internal.Invoker.invokeConfigurationMethod(Invoker.java:458)
at org.testng.internal.Invoker.invokeConfigurations(Invoker.java:222)
at org.testng.internal.Invoker.invokeMethod(Invoker.java:523)
at org.testng.internal.Invoker.invokeTestMethod(Invoker.java:719)
at org.testng.internal.Invoker.invokeTestMethods(Invoker.java:989)
at org.testng.internal.TestMethodWorker.invokeTestMethods(TestMethodWorker.java:125)
at org.testng.internal.TestMethodWorker.run(TestMethodWorker.java:109)
at org.testng.TestRunner.privateRun(TestRunner.java:648)
at org.testng.TestRunner.run(TestRunner.java:505)
at org.testng.SuiteRunner.runTest(SuiteRunner.java:455)
at org.testng.SuiteRunner.runSequentially(SuiteRunner.java:450)
at org.testng.SuiteRunner.privateRun(SuiteRunner.java:415)
at org.testng.SuiteRunner.run(SuiteRunner.java:364)
at org.testng.SuiteRunnerWorker.runSuite(SuiteRunnerWorker.java:52)
at org.testng.SuiteRunnerWorker.run(SuiteRunnerWorker.java:84)
at org.testng.TestNG.runSuitesSequentially(TestNG.java:1208)
at org.testng.TestNG.runSuitesLocally(TestNG.java:1137)
at org.testng.TestNG.runSuites(TestNG.java:1049)
at org.testng.TestNG.run(TestNG.java:1017)
at org.testng.remote.AbstractRemoteTestNG.run(AbstractRemoteTestNG.java:115)
at org.testng.remote.RemoteTestNG.initAndRun(RemoteTestNG.java:251)
at org.testng.remote.RemoteTestNG.main(RemoteTestNG.java:77)
]]>
            </full-stacktrace>
          </exception> <!-- org.openqa.selenium.SessionNotCreatedException -->
          <reporter-output>
          </reporter-output>
        </test-method> <!-- verifyHomePageHeader -->
        <test-method status="SKIP" signature="tearDown()[pri:0, instance:com.qa.store.test.VehicleStoreTestCases@3d74bf60]" name="tearDown" is-config="true" duration-ms="0" started-at="2020-09-09T08:41:12Z" finished-at="2020-09-09T08:41:12Z">
          <reporter-output>
          </reporter-output>
        </test-method> <!-- tearDown -->
        <test-method status="SKIP" signature="openBrowser()[pri:0, instance:com.qa.store.test.VehicleStoreTestCases@3d74bf60]" name="openBrowser" is-config="true" duration-ms="0" started-at="2020-09-09T08:41:12Z" finished-at="2020-09-09T08:41:12Z">
          <reporter-output>
          </reporter-output>
        </test-method> <!-- openBrowser -->
        <test-method status="SKIP" signature="verifyPageTitle()[pri:0, instance:com.qa.store.test.VehicleStoreTestCases@3d74bf60]" name="verifyPageTitle" duration-ms="0" started-at="2020-09-09T08:41:12Z" finished-at="2020-09-09T08:41:12Z">
          <exception class="org.openqa.selenium.SessionNotCreatedException">
            <message>
              <![CDATA[session not created: This version of ChromeDriver only supports Chrome version 83
Build info: version: '3.141.59', revision: 'e82be7d358', time: '2018-11-14T08:17:03'
System info: host: 'NOLAPF2LGFWS043', ip: '172.17.47.177', os.name: 'Windows 10', os.arch: 'amd64', os.version: '10.0', java.version: '1.8.0_241'
Driver info: driver.version: ChromeDriver
remote stacktrace: Backtrace:
Ordinal0 [0x00819563+2725219]
Ordinal0 [0x00718551+1672529]
Ordinal0 [0x00600359+525145]
Ordinal0 [0x00590B77+68471]
Ordinal0 [0x0058D32C+54060]
Ordinal0 [0x005ACC37+183351]
Ordinal0 [0x005ACA3D+182845]
Ordinal0 [0x005AA94B+174411]
Ordinal0 [0x00592528+75048]
Ordinal0 [0x005935A0+79264]
Ordinal0 [0x00593539+79161]
Ordinal0 [0x0072D607+1758727]
GetHandleVerifier [0x00936546+1050150]
GetHandleVerifier [0x00936291+1049457]
GetHandleVerifier [0x009410D7+1094071]
GetHandleVerifier [0x00936B46+1051686]
Ordinal0 [0x00725B06+1727238]
Ordinal0 [0x0072EB7B+1764219]
Ordinal0 [0x0072ECE3+1764579]
Ordinal0 [0x00744C05+1854469]
BaseThreadInitThunk [0x76BF6359+25]
RtlGetAppContainerNamedObjectPath [0x778D7C24+228]
RtlGetAppContainerNamedObjectPath [0x778D7BF4+180]
]]>
            </message>
            <full-stacktrace>
              <![CDATA[org.openqa.selenium.SessionNotCreatedException: session not created: This version of ChromeDriver only supports Chrome version 83
Build info: version: '3.141.59', revision: 'e82be7d358', time: '2018-11-14T08:17:03'
System info: host: 'NOLAPF2LGFWS043', ip: '172.17.47.177', os.name: 'Windows 10', os.arch: 'amd64', os.version: '10.0', java.version: '1.8.0_241'
Driver info: driver.version: ChromeDriver
remote stacktrace: Backtrace:
Ordinal0 [0x00819563+2725219]
Ordinal0 [0x00718551+1672529]
Ordinal0 [0x00600359+525145]
Ordinal0 [0x00590B77+68471]
Ordinal0 [0x0058D32C+54060]
Ordinal0 [0x005ACC37+183351]
Ordinal0 [0x005ACA3D+182845]
Ordinal0 [0x005AA94B+174411]
Ordinal0 [0x00592528+75048]
Ordinal0 [0x005935A0+79264]
Ordinal0 [0x00593539+79161]
Ordinal0 [0x0072D607+1758727]
GetHandleVerifier [0x00936546+1050150]
GetHandleVerifier [0x00936291+1049457]
GetHandleVerifier [0x009410D7+1094071]
GetHandleVerifier [0x00936B46+1051686]
Ordinal0 [0x00725B06+1727238]
Ordinal0 [0x0072EB7B+1764219]
Ordinal0 [0x0072ECE3+1764579]
Ordinal0 [0x00744C05+1854469]
BaseThreadInitThunk [0x76BF6359+25]
RtlGetAppContainerNamedObjectPath [0x778D7C24+228]
RtlGetAppContainerNamedObjectPath [0x778D7BF4+180]

at sun.reflect.NativeConstructorAccessorImpl.newInstance0(Native Method)
at sun.reflect.NativeConstructorAccessorImpl.newInstance(NativeConstructorAccessorImpl.java:62)
at sun.reflect.DelegatingConstructorAccessorImpl.newInstance(DelegatingConstructorAccessorImpl.java:45)
at java.lang.reflect.Constructor.newInstance(Constructor.java:423)
at org.openqa.selenium.remote.W3CHandshakeResponse.lambda$errorHandler$0(W3CHandshakeResponse.java:62)
at org.openqa.selenium.remote.HandshakeResponse.lambda$getResponseFunction$0(HandshakeResponse.java:30)
at org.openqa.selenium.remote.ProtocolHandshake.lambda$createSession$0(ProtocolHandshake.java:126)
at java.util.stream.ReferencePipeline$3$1.accept(ReferencePipeline.java:193)
at java.util.Spliterators$ArraySpliterator.tryAdvance(Spliterators.java:958)
at java.util.stream.ReferencePipeline.forEachWithCancel(ReferencePipeline.java:126)
at java.util.stream.AbstractPipeline.copyIntoWithCancel(AbstractPipeline.java:499)
at java.util.stream.AbstractPipeline.copyInto(AbstractPipeline.java:486)
at java.util.stream.AbstractPipeline.wrapAndCopyInto(AbstractPipeline.java:472)
at java.util.stream.FindOps$FindOp.evaluateSequential(FindOps.java:152)
at java.util.stream.AbstractPipeline.evaluate(AbstractPipeline.java:234)
at java.util.stream.ReferencePipeline.findFirst(ReferencePipeline.java:464)
at org.openqa.selenium.remote.ProtocolHandshake.createSession(ProtocolHandshake.java:128)
at org.openqa.selenium.remote.ProtocolHandshake.createSession(ProtocolHandshake.java:74)
at org.openqa.selenium.remote.HttpCommandExecutor.execute(HttpCommandExecutor.java:136)
at org.openqa.selenium.remote.service.DriverCommandExecutor.execute(DriverCommandExecutor.java:83)
at org.openqa.selenium.remote.RemoteWebDriver.execute(RemoteWebDriver.java:552)
at org.openqa.selenium.remote.RemoteWebDriver.startSession(RemoteWebDriver.java:213)
at org.openqa.selenium.remote.RemoteWebDriver.<init>(RemoteWebDriver.java:131)
at org.openqa.selenium.chrome.ChromeDriver.<init>(ChromeDriver.java:181)
at org.openqa.selenium.chrome.ChromeDriver.<init>(ChromeDriver.java:168)
at org.openqa.selenium.chrome.ChromeDriver.<init>(ChromeDriver.java:123)
at com.qa.store.test.VehicleStoreTestCases.openBrowser(VehicleStoreTestCases.java:23)
at sun.reflect.NativeMethodAccessorImpl.invoke0(Native Method)
at sun.reflect.NativeMethodAccessorImpl.invoke(NativeMethodAccessorImpl.java:62)
at sun.reflect.DelegatingMethodAccessorImpl.invoke(DelegatingMethodAccessorImpl.java:43)
at java.lang.reflect.Method.invoke(Method.java:498)
at org.testng.internal.MethodInvocationHelper.invokeMethod(MethodInvocationHelper.java:124)
at org.testng.internal.MethodInvocationHelper.invokeMethodConsideringTimeout(MethodInvocationHelper.java:59)
at org.testng.internal.Invoker.invokeConfigurationMethod(Invoker.java:458)
at org.testng.internal.Invoker.invokeConfigurations(Invoker.java:222)
at org.testng.internal.Invoker.invokeMethod(Invoker.java:523)
at org.testng.internal.Invoker.invokeTestMethod(Invoker.java:719)
at org.testng.internal.Invoker.invokeTestMethods(Invoker.java:989)
at org.testng.internal.TestMethodWorker.invokeTestMethods(TestMethodWorker.java:125)
at org.testng.internal.TestMethodWorker.run(TestMethodWorker.java:109)
at org.testng.TestRunner.privateRun(TestRunner.java:648)
at org.testng.TestRunner.run(TestRunner.java:505)
at org.testng.SuiteRunner.runTest(SuiteRunner.java:455)
at org.testng.SuiteRunner.runSequentially(SuiteRunner.java:450)
at org.testng.SuiteRunner.privateRun(SuiteRunner.java:415)
at org.testng.SuiteRunner.run(SuiteRunner.java:364)
at org.testng.SuiteRunnerWorker.runSuite(SuiteRunnerWorker.java:52)
at org.testng.SuiteRunnerWorker.run(SuiteRunnerWorker.java:84)
at org.testng.TestNG.runSuitesSequentially(TestNG.java:1208)
at org.testng.TestNG.runSuitesLocally(TestNG.java:1137)
at org.testng.TestNG.runSuites(TestNG.java:1049)
at org.testng.TestNG.run(TestNG.java:1017)
at org.testng.remote.AbstractRemoteTestNG.run(AbstractRemoteTestNG.java:115)
at org.testng.remote.RemoteTestNG.initAndRun(RemoteTestNG.java:251)
at org.testng.remote.RemoteTestNG.main(RemoteTestNG.java:77)
]]>
            </full-stacktrace>
          </exception> <!-- org.openqa.selenium.SessionNotCreatedException -->
          <reporter-output>
          </reporter-output>
        </test-method> <!-- verifyPageTitle -->
        <test-method status="SKIP" signature="tearDown()[pri:0, instance:com.qa.store.test.VehicleStoreTestCases@3d74bf60]" name="tearDown" is-config="true" duration-ms="0" started-at="2020-09-09T08:41:12Z" finished-at="2020-09-09T08:41:12Z">
          <reporter-output>
          </reporter-output>
        </test-method> <!-- tearDown -->
        <test-method status="SKIP" signature="openBrowser()[pri:0, instance:com.qa.store.test.VehicleStoreTestCases@3d74bf60]" name="openBrowser" is-config="true" duration-ms="0" started-at="2020-09-09T08:41:12Z" finished-at="2020-09-09T08:41:12Z">
          <reporter-output>
          </reporter-output>
        </test-method> <!-- openBrowser -->
        <test-method status="SKIP" signature="verifySubmitButton()[pri:2, instance:com.qa.store.test.VehicleStoreTestCases@3d74bf60]" name="verifySubmitButton" duration-ms="1" started-at="2020-09-09T08:41:12Z" finished-at="2020-09-09T08:41:12Z">
          <exception class="org.openqa.selenium.SessionNotCreatedException">
            <message>
              <![CDATA[session not created: This version of ChromeDriver only supports Chrome version 83
Build info: version: '3.141.59', revision: 'e82be7d358', time: '2018-11-14T08:17:03'
System info: host: 'NOLAPF2LGFWS043', ip: '172.17.47.177', os.name: 'Windows 10', os.arch: 'amd64', os.version: '10.0', java.version: '1.8.0_241'
Driver info: driver.version: ChromeDriver
remote stacktrace: Backtrace:
Ordinal0 [0x00819563+2725219]
Ordinal0 [0x00718551+1672529]
Ordinal0 [0x00600359+525145]
Ordinal0 [0x00590B77+68471]
Ordinal0 [0x0058D32C+54060]
Ordinal0 [0x005ACC37+183351]
Ordinal0 [0x005ACA3D+182845]
Ordinal0 [0x005AA94B+174411]
Ordinal0 [0x00592528+75048]
Ordinal0 [0x005935A0+79264]
Ordinal0 [0x00593539+79161]
Ordinal0 [0x0072D607+1758727]
GetHandleVerifier [0x00936546+1050150]
GetHandleVerifier [0x00936291+1049457]
GetHandleVerifier [0x009410D7+1094071]
GetHandleVerifier [0x00936B46+1051686]
Ordinal0 [0x00725B06+1727238]
Ordinal0 [0x0072EB7B+1764219]
Ordinal0 [0x0072ECE3+1764579]
Ordinal0 [0x00744C05+1854469]
BaseThreadInitThunk [0x76BF6359+25]
RtlGetAppContainerNamedObjectPath [0x778D7C24+228]
RtlGetAppContainerNamedObjectPath [0x778D7BF4+180]
]]>
            </message>
            <full-stacktrace>
              <![CDATA[org.openqa.selenium.SessionNotCreatedException: session not created: This version of ChromeDriver only supports Chrome version 83
Build info: version: '3.141.59', revision: 'e82be7d358', time: '2018-11-14T08:17:03'
System info: host: 'NOLAPF2LGFWS043', ip: '172.17.47.177', os.name: 'Windows 10', os.arch: 'amd64', os.version: '10.0', java.version: '1.8.0_241'
Driver info: driver.version: ChromeDriver
remote stacktrace: Backtrace:
Ordinal0 [0x00819563+2725219]
Ordinal0 [0x00718551+1672529]
Ordinal0 [0x00600359+525145]
Ordinal0 [0x00590B77+68471]
Ordinal0 [0x0058D32C+54060]
Ordinal0 [0x005ACC37+183351]
Ordinal0 [0x005ACA3D+182845]
Ordinal0 [0x005AA94B+174411]
Ordinal0 [0x00592528+75048]
Ordinal0 [0x005935A0+79264]
Ordinal0 [0x00593539+79161]
Ordinal0 [0x0072D607+1758727]
GetHandleVerifier [0x00936546+1050150]
GetHandleVerifier [0x00936291+1049457]
GetHandleVerifier [0x009410D7+1094071]
GetHandleVerifier [0x00936B46+1051686]
Ordinal0 [0x00725B06+1727238]
Ordinal0 [0x0072EB7B+1764219]
Ordinal0 [0x0072ECE3+1764579]
Ordinal0 [0x00744C05+1854469]
BaseThreadInitThunk [0x76BF6359+25]
RtlGetAppContainerNamedObjectPath [0x778D7C24+228]
RtlGetAppContainerNamedObjectPath [0x778D7BF4+180]

at sun.reflect.NativeConstructorAccessorImpl.newInstance0(Native Method)
at sun.reflect.NativeConstructorAccessorImpl.newInstance(NativeConstructorAccessorImpl.java:62)
at sun.reflect.DelegatingConstructorAccessorImpl.newInstance(DelegatingConstructorAccessorImpl.java:45)
at java.lang.reflect.Constructor.newInstance(Constructor.java:423)
at org.openqa.selenium.remote.W3CHandshakeResponse.lambda$errorHandler$0(W3CHandshakeResponse.java:62)
at org.openqa.selenium.remote.HandshakeResponse.lambda$getResponseFunction$0(HandshakeResponse.java:30)
at org.openqa.selenium.remote.ProtocolHandshake.lambda$createSession$0(ProtocolHandshake.java:126)
at java.util.stream.ReferencePipeline$3$1.accept(ReferencePipeline.java:193)
at java.util.Spliterators$ArraySpliterator.tryAdvance(Spliterators.java:958)
at java.util.stream.ReferencePipeline.forEachWithCancel(ReferencePipeline.java:126)
at java.util.stream.AbstractPipeline.copyIntoWithCancel(AbstractPipeline.java:499)
at java.util.stream.AbstractPipeline.copyInto(AbstractPipeline.java:486)
at java.util.stream.AbstractPipeline.wrapAndCopyInto(AbstractPipeline.java:472)
at java.util.stream.FindOps$FindOp.evaluateSequential(FindOps.java:152)
at java.util.stream.AbstractPipeline.evaluate(AbstractPipeline.java:234)
at java.util.stream.ReferencePipeline.findFirst(ReferencePipeline.java:464)
at org.openqa.selenium.remote.ProtocolHandshake.createSession(ProtocolHandshake.java:128)
at org.openqa.selenium.remote.ProtocolHandshake.createSession(ProtocolHandshake.java:74)
at org.openqa.selenium.remote.HttpCommandExecutor.execute(HttpCommandExecutor.java:136)
at org.openqa.selenium.remote.service.DriverCommandExecutor.execute(DriverCommandExecutor.java:83)
at org.openqa.selenium.remote.RemoteWebDriver.execute(RemoteWebDriver.java:552)
at org.openqa.selenium.remote.RemoteWebDriver.startSession(RemoteWebDriver.java:213)
at org.openqa.selenium.remote.RemoteWebDriver.<init>(RemoteWebDriver.java:131)
at org.openqa.selenium.chrome.ChromeDriver.<init>(ChromeDriver.java:181)
at org.openqa.selenium.chrome.ChromeDriver.<init>(ChromeDriver.java:168)
at org.openqa.selenium.chrome.ChromeDriver.<init>(ChromeDriver.java:123)
at com.qa.store.test.VehicleStoreTestCases.openBrowser(VehicleStoreTestCases.java:23)
at sun.reflect.NativeMethodAccessorImpl.invoke0(Native Method)
at sun.reflect.NativeMethodAccessorImpl.invoke(NativeMethodAccessorImpl.java:62)
at sun.reflect.DelegatingMethodAccessorImpl.invoke(DelegatingMethodAccessorImpl.java:43)
at java.lang.reflect.Method.invoke(Method.java:498)
at org.testng.internal.MethodInvocationHelper.invokeMethod(MethodInvocationHelper.java:124)
at org.testng.internal.MethodInvocationHelper.invokeMethodConsideringTimeout(MethodInvocationHelper.java:59)
at org.testng.internal.Invoker.invokeConfigurationMethod(Invoker.java:458)
at org.testng.internal.Invoker.invokeConfigurations(Invoker.java:222)
at org.testng.internal.Invoker.invokeMethod(Invoker.java:523)
at org.testng.internal.Invoker.invokeTestMethod(Invoker.java:719)
at org.testng.internal.Invoker.invokeTestMethods(Invoker.java:989)
at org.testng.internal.TestMethodWorker.invokeTestMethods(TestMethodWorker.java:125)
at org.testng.internal.TestMethodWorker.run(TestMethodWorker.java:109)
at org.testng.TestRunner.privateRun(TestRunner.java:648)
at org.testng.TestRunner.run(TestRunner.java:505)
at org.testng.SuiteRunner.runTest(SuiteRunner.java:455)
at org.testng.SuiteRunner.runSequentially(SuiteRunner.java:450)
at org.testng.SuiteRunner.privateRun(SuiteRunner.java:415)
at org.testng.SuiteRunner.run(SuiteRunner.java:364)
at org.testng.SuiteRunnerWorker.runSuite(SuiteRunnerWorker.java:52)
at org.testng.SuiteRunnerWorker.run(SuiteRunnerWorker.java:84)
at org.testng.TestNG.runSuitesSequentially(TestNG.java:1208)
at org.testng.TestNG.runSuitesLocally(TestNG.java:1137)
at org.testng.TestNG.runSuites(TestNG.java:1049)
at org.testng.TestNG.run(TestNG.java:1017)
at org.testng.remote.AbstractRemoteTestNG.run(AbstractRemoteTestNG.java:115)
at org.testng.remote.RemoteTestNG.initAndRun(RemoteTestNG.java:251)
at org.testng.remote.RemoteTestNG.main(RemoteTestNG.java:77)
]]>
            </full-stacktrace>
          </exception> <!-- org.openqa.selenium.SessionNotCreatedException -->
          <reporter-output>
          </reporter-output>
        </test-method> <!-- verifySubmitButton -->
        <test-method status="SKIP" signature="tearDown()[pri:0, instance:com.qa.store.test.VehicleStoreTestCases@3d74bf60]" name="tearDown" is-config="true" duration-ms="0" started-at="2020-09-09T08:41:12Z" finished-at="2020-09-09T08:41:12Z">
          <reporter-output>
          </reporter-output>
        </test-method> <!-- tearDown -->
        <test-method status="SKIP" signature="openBrowser()[pri:0, instance:com.qa.store.test.VehicleStoreTestCases@3d74bf60]" name="openBrowser" is-config="true" duration-ms="0" started-at="2020-09-09T08:41:12Z" finished-at="2020-09-09T08:41:12Z">
          <reporter-output>
          </reporter-output>
        </test-method> <!-- openBrowser -->
        <test-method status="SKIP" signature="verifyVehicleListOfValues()[pri:4, instance:com.qa.store.test.VehicleStoreTestCases@3d74bf60]" name="verifyVehicleListOfValues" duration-ms="0" started-at="2020-09-09T08:41:12Z" finished-at="2020-09-09T08:41:12Z">
          <exception class="org.openqa.selenium.SessionNotCreatedException">
            <message>
              <![CDATA[session not created: This version of ChromeDriver only supports Chrome version 83
Build info: version: '3.141.59', revision: 'e82be7d358', time: '2018-11-14T08:17:03'
System info: host: 'NOLAPF2LGFWS043', ip: '172.17.47.177', os.name: 'Windows 10', os.arch: 'amd64', os.version: '10.0', java.version: '1.8.0_241'
Driver info: driver.version: ChromeDriver
remote stacktrace: Backtrace:
Ordinal0 [0x00819563+2725219]
Ordinal0 [0x00718551+1672529]
Ordinal0 [0x00600359+525145]
Ordinal0 [0x00590B77+68471]
Ordinal0 [0x0058D32C+54060]
Ordinal0 [0x005ACC37+183351]
Ordinal0 [0x005ACA3D+182845]
Ordinal0 [0x005AA94B+174411]
Ordinal0 [0x00592528+75048]
Ordinal0 [0x005935A0+79264]
Ordinal0 [0x00593539+79161]
Ordinal0 [0x0072D607+1758727]
GetHandleVerifier [0x00936546+1050150]
GetHandleVerifier [0x00936291+1049457]
GetHandleVerifier [0x009410D7+1094071]
GetHandleVerifier [0x00936B46+1051686]
Ordinal0 [0x00725B06+1727238]
Ordinal0 [0x0072EB7B+1764219]
Ordinal0 [0x0072ECE3+1764579]
Ordinal0 [0x00744C05+1854469]
BaseThreadInitThunk [0x76BF6359+25]
RtlGetAppContainerNamedObjectPath [0x778D7C24+228]
RtlGetAppContainerNamedObjectPath [0x778D7BF4+180]
]]>
            </message>
            <full-stacktrace>
              <![CDATA[org.openqa.selenium.SessionNotCreatedException: session not created: This version of ChromeDriver only supports Chrome version 83
Build info: version: '3.141.59', revision: 'e82be7d358', time: '2018-11-14T08:17:03'
System info: host: 'NOLAPF2LGFWS043', ip: '172.17.47.177', os.name: 'Windows 10', os.arch: 'amd64', os.version: '10.0', java.version: '1.8.0_241'
Driver info: driver.version: ChromeDriver
remote stacktrace: Backtrace:
Ordinal0 [0x00819563+2725219]
Ordinal0 [0x00718551+1672529]
Ordinal0 [0x00600359+525145]
Ordinal0 [0x00590B77+68471]
Ordinal0 [0x0058D32C+54060]
Ordinal0 [0x005ACC37+183351]
Ordinal0 [0x005ACA3D+182845]
Ordinal0 [0x005AA94B+174411]
Ordinal0 [0x00592528+75048]
Ordinal0 [0x005935A0+79264]
Ordinal0 [0x00593539+79161]
Ordinal0 [0x0072D607+1758727]
GetHandleVerifier [0x00936546+1050150]
GetHandleVerifier [0x00936291+1049457]
GetHandleVerifier [0x009410D7+1094071]
GetHandleVerifier [0x00936B46+1051686]
Ordinal0 [0x00725B06+1727238]
Ordinal0 [0x0072EB7B+1764219]
Ordinal0 [0x0072ECE3+1764579]
Ordinal0 [0x00744C05+1854469]
BaseThreadInitThunk [0x76BF6359+25]
RtlGetAppContainerNamedObjectPath [0x778D7C24+228]
RtlGetAppContainerNamedObjectPath [0x778D7BF4+180]

at sun.reflect.NativeConstructorAccessorImpl.newInstance0(Native Method)
at sun.reflect.NativeConstructorAccessorImpl.newInstance(NativeConstructorAccessorImpl.java:62)
at sun.reflect.DelegatingConstructorAccessorImpl.newInstance(DelegatingConstructorAccessorImpl.java:45)
at java.lang.reflect.Constructor.newInstance(Constructor.java:423)
at org.openqa.selenium.remote.W3CHandshakeResponse.lambda$errorHandler$0(W3CHandshakeResponse.java:62)
at org.openqa.selenium.remote.HandshakeResponse.lambda$getResponseFunction$0(HandshakeResponse.java:30)
at org.openqa.selenium.remote.ProtocolHandshake.lambda$createSession$0(ProtocolHandshake.java:126)
at java.util.stream.ReferencePipeline$3$1.accept(ReferencePipeline.java:193)
at java.util.Spliterators$ArraySpliterator.tryAdvance(Spliterators.java:958)
at java.util.stream.ReferencePipeline.forEachWithCancel(ReferencePipeline.java:126)
at java.util.stream.AbstractPipeline.copyIntoWithCancel(AbstractPipeline.java:499)
at java.util.stream.AbstractPipeline.copyInto(AbstractPipeline.java:486)
at java.util.stream.AbstractPipeline.wrapAndCopyInto(AbstractPipeline.java:472)
at java.util.stream.FindOps$FindOp.evaluateSequential(FindOps.java:152)
at java.util.stream.AbstractPipeline.evaluate(AbstractPipeline.java:234)
at java.util.stream.ReferencePipeline.findFirst(ReferencePipeline.java:464)
at org.openqa.selenium.remote.ProtocolHandshake.createSession(ProtocolHandshake.java:128)
at org.openqa.selenium.remote.ProtocolHandshake.createSession(ProtocolHandshake.java:74)
at org.openqa.selenium.remote.HttpCommandExecutor.execute(HttpCommandExecutor.java:136)
at org.openqa.selenium.remote.service.DriverCommandExecutor.execute(DriverCommandExecutor.java:83)
at org.openqa.selenium.remote.RemoteWebDriver.execute(RemoteWebDriver.java:552)
at org.openqa.selenium.remote.RemoteWebDriver.startSession(RemoteWebDriver.java:213)
at org.openqa.selenium.remote.RemoteWebDriver.<init>(RemoteWebDriver.java:131)
at org.openqa.selenium.chrome.ChromeDriver.<init>(ChromeDriver.java:181)
at org.openqa.selenium.chrome.ChromeDriver.<init>(ChromeDriver.java:168)
at org.openqa.selenium.chrome.ChromeDriver.<init>(ChromeDriver.java:123)
at com.qa.store.test.VehicleStoreTestCases.openBrowser(VehicleStoreTestCases.java:23)
at sun.reflect.NativeMethodAccessorImpl.invoke0(Native Method)
at sun.reflect.NativeMethodAccessorImpl.invoke(NativeMethodAccessorImpl.java:62)
at sun.reflect.DelegatingMethodAccessorImpl.invoke(DelegatingMethodAccessorImpl.java:43)
at java.lang.reflect.Method.invoke(Method.java:498)
at org.testng.internal.MethodInvocationHelper.invokeMethod(MethodInvocationHelper.java:124)
at org.testng.internal.MethodInvocationHelper.invokeMethodConsideringTimeout(MethodInvocationHelper.java:59)
at org.testng.internal.Invoker.invokeConfigurationMethod(Invoker.java:458)
at org.testng.internal.Invoker.invokeConfigurations(Invoker.java:222)
at org.testng.internal.Invoker.invokeMethod(Invoker.java:523)
at org.testng.internal.Invoker.invokeTestMethod(Invoker.java:719)
at org.testng.internal.Invoker.invokeTestMethods(Invoker.java:989)
at org.testng.internal.TestMethodWorker.invokeTestMethods(TestMethodWorker.java:125)
at org.testng.internal.TestMethodWorker.run(TestMethodWorker.java:109)
at org.testng.TestRunner.privateRun(TestRunner.java:648)
at org.testng.TestRunner.run(TestRunner.java:505)
at org.testng.SuiteRunner.runTest(SuiteRunner.java:455)
at org.testng.SuiteRunner.runSequentially(SuiteRunner.java:450)
at org.testng.SuiteRunner.privateRun(SuiteRunner.java:415)
at org.testng.SuiteRunner.run(SuiteRunner.java:364)
at org.testng.SuiteRunnerWorker.runSuite(SuiteRunnerWorker.java:52)
at org.testng.SuiteRunnerWorker.run(SuiteRunnerWorker.java:84)
at org.testng.TestNG.runSuitesSequentially(TestNG.java:1208)
at org.testng.TestNG.runSuitesLocally(TestNG.java:1137)
at org.testng.TestNG.runSuites(TestNG.java:1049)
at org.testng.TestNG.run(TestNG.java:1017)
at org.testng.remote.AbstractRemoteTestNG.run(AbstractRemoteTestNG.java:115)
at org.testng.remote.RemoteTestNG.initAndRun(RemoteTestNG.java:251)
at org.testng.remote.RemoteTestNG.main(RemoteTestNG.java:77)
]]>
            </full-stacktrace>
          </exception> <!-- org.openqa.selenium.SessionNotCreatedException -->
          <reporter-output>
          </reporter-output>
        </test-method> <!-- verifyVehicleListOfValues -->
        <test-method status="SKIP" signature="tearDown()[pri:0, instance:com.qa.store.test.VehicleStoreTestCases@3d74bf60]" name="tearDown" is-config="true" duration-ms="0" started-at="2020-09-09T08:41:12Z" finished-at="2020-09-09T08:41:12Z">
          <reporter-output>
          </reporter-output>
        </test-method> <!-- tearDown -->
      </class> <!-- com.qa.store.test.VehicleStoreTestCases -->
    </test> <!-- Default test -->
  </suite> <!-- Default suite -->
</testng-results>
