<?xml version="1.0" encoding="UTF-8"?>
<!-- Generated by org.testng.reporters.JUnitReportReporter -->
<testsuite skipped="4" hostname="NOLAPF2LGFWS043" name="com.qa.store.test.VehicleStoreTestCases" tests="5" failures="0" timestamp="09 Sep 2020 08:41:12 GMT" time="3.796" errors="1">
  <testcase name="verifyPageTitle" time="0.000" classname="com.qa.store.test.VehicleStoreTestCases">
    <skipped/>
  </testcase> <!-- verifyPageTitle -->
  <testcase name="openBrowser" time="3.795" classname="com.qa.store.test.VehicleStoreTestCases">
    <error type="org.openqa.selenium.SessionNotCreatedException" message="session not created: This version of ChromeDriver only supports Chrome version 83
Build info: version: &#039;3.141.59&#039;, revision: &#039;e82be7d358&#039;, time: &#039;2018-11-14T08:17:03&#039;
System info: host: &#039;NOLAPF2LGFWS043&#039;, ip: &#039;172.17.47.177&#039;, os.name: &#039;Windows 10&#039;, os.arch: &#039;amd64&#039;, os.version: &#039;10.0&#039;, java.version: &#039;1.8.0_241&#039;
Driver info: driver.version: ChromeDriver
remote stacktrace: Backtrace:
	Ordinal0 [0x00819563+2725219]
	Ordinal0 [0x00718551+1672529]
	Ordinal0 [0x00600359+525145]
	Ordinal0 [0x00590B77+68471]
	Ordinal0 [0x0058D32C+54060]
	Ordinal0 [0x005ACC37+183351]
	Ordinal0 [0x005ACA3D+182845]
	Ordinal0 [0x005AA94B+174411]
	Ordinal0 [0x00592528+75048]
	Ordinal0 [0x005935A0+79264]
	Ordinal0 [0x00593539+79161]
	Ordinal0 [0x0072D607+1758727]
	GetHandleVerifier [0x00936546+1050150]
	GetHandleVerifier [0x00936291+1049457]
	GetHandleVerifier [0x009410D7+1094071]
	GetHandleVerifier [0x00936B46+1051686]
	Ordinal0 [0x00725B06+1727238]
	Ordinal0 [0x0072EB7B+1764219]
	Ordinal0 [0x0072ECE3+1764579]
	Ordinal0 [0x00744C05+1854469]
	BaseThreadInitThunk [0x76BF6359+25]
	RtlGetAppContainerNamedObjectPath [0x778D7C24+228]
	RtlGetAppContainerNamedObjectPath [0x778D7BF4+180]
">
      <![CDATA[org.openqa.selenium.SessionNotCreatedException: session not created: This version of ChromeDriver only supports Chrome version 83
Build info: version: '3.141.59', revision: 'e82be7d358', time: '2018-11-14T08:17:03'
System info: host: 'NOLAPF2LGFWS043', ip: '172.17.47.177', os.name: 'Windows 10', os.arch: 'amd64', os.version: '10.0', java.version: '1.8.0_241'
Driver info: driver.version: ChromeDriver
remote stacktrace: Backtrace:
Ordinal0 [0x00819563+2725219]
Ordinal0 [0x00718551+1672529]
Ordinal0 [0x00600359+525145]
Ordinal0 [0x00590B77+68471]
Ordinal0 [0x0058D32C+54060]
Ordinal0 [0x005ACC37+183351]
Ordinal0 [0x005ACA3D+182845]
Ordinal0 [0x005AA94B+174411]
Ordinal0 [0x00592528+75048]
Ordinal0 [0x005935A0+79264]
Ordinal0 [0x00593539+79161]
Ordinal0 [0x0072D607+1758727]
GetHandleVerifier [0x00936546+1050150]
GetHandleVerifier [0x00936291+1049457]
GetHandleVerifier [0x009410D7+1094071]
GetHandleVerifier [0x00936B46+1051686]
Ordinal0 [0x00725B06+1727238]
Ordinal0 [0x0072EB7B+1764219]
Ordinal0 [0x0072ECE3+1764579]
Ordinal0 [0x00744C05+1854469]
BaseThreadInitThunk [0x76BF6359+25]
RtlGetAppContainerNamedObjectPath [0x778D7C24+228]
RtlGetAppContainerNamedObjectPath [0x778D7BF4+180]

at sun.reflect.NativeConstructorAccessorImpl.newInstance0(Native Method)
at sun.reflect.NativeConstructorAccessorImpl.newInstance(NativeConstructorAccessorImpl.java:62)
at sun.reflect.DelegatingConstructorAccessorImpl.newInstance(DelegatingConstructorAccessorImpl.java:45)
at java.lang.reflect.Constructor.newInstance(Constructor.java:423)
at org.openqa.selenium.remote.W3CHandshakeResponse.lambda$errorHandler$0(W3CHandshakeResponse.java:62)
at org.openqa.selenium.remote.HandshakeResponse.lambda$getResponseFunction$0(HandshakeResponse.java:30)
at org.openqa.selenium.remote.ProtocolHandshake.lambda$createSession$0(ProtocolHandshake.java:126)
at java.util.stream.ReferencePipeline$3$1.accept(ReferencePipeline.java:193)
at java.util.Spliterators$ArraySpliterator.tryAdvance(Spliterators.java:958)
at java.util.stream.ReferencePipeline.forEachWithCancel(ReferencePipeline.java:126)
at java.util.stream.AbstractPipeline.copyIntoWithCancel(AbstractPipeline.java:499)
at java.util.stream.AbstractPipeline.copyInto(AbstractPipeline.java:486)
at java.util.stream.AbstractPipeline.wrapAndCopyInto(AbstractPipeline.java:472)
at java.util.stream.FindOps$FindOp.evaluateSequential(FindOps.java:152)
at java.util.stream.AbstractPipeline.evaluate(AbstractPipeline.java:234)
at java.util.stream.ReferencePipeline.findFirst(ReferencePipeline.java:464)
at org.openqa.selenium.remote.ProtocolHandshake.createSession(ProtocolHandshake.java:128)
at org.openqa.selenium.remote.ProtocolHandshake.createSession(ProtocolHandshake.java:74)
at org.openqa.selenium.remote.HttpCommandExecutor.execute(HttpCommandExecutor.java:136)
at org.openqa.selenium.remote.service.DriverCommandExecutor.execute(DriverCommandExecutor.java:83)
at org.openqa.selenium.remote.RemoteWebDriver.execute(RemoteWebDriver.java:552)
at org.openqa.selenium.remote.RemoteWebDriver.startSession(RemoteWebDriver.java:213)
at org.openqa.selenium.remote.RemoteWebDriver.<init>(RemoteWebDriver.java:131)
at org.openqa.selenium.chrome.ChromeDriver.<init>(ChromeDriver.java:181)
at org.openqa.selenium.chrome.ChromeDriver.<init>(ChromeDriver.java:168)
at org.openqa.selenium.chrome.ChromeDriver.<init>(ChromeDriver.java:123)
at com.qa.store.test.VehicleStoreTestCases.openBrowser(VehicleStoreTestCases.java:23)
at sun.reflect.NativeMethodAccessorImpl.invoke0(Native Method)
at sun.reflect.NativeMethodAccessorImpl.invoke(NativeMethodAccessorImpl.java:62)
at sun.reflect.DelegatingMethodAccessorImpl.invoke(DelegatingMethodAccessorImpl.java:43)
at java.lang.reflect.Method.invoke(Method.java:498)
at org.testng.internal.MethodInvocationHelper.invokeMethod(MethodInvocationHelper.java:124)
at org.testng.internal.MethodInvocationHelper.invokeMethodConsideringTimeout(MethodInvocationHelper.java:59)
at org.testng.internal.Invoker.invokeConfigurationMethod(Invoker.java:458)
at org.testng.internal.Invoker.invokeConfigurations(Invoker.java:222)
at org.testng.internal.Invoker.invokeMethod(Invoker.java:523)
at org.testng.internal.Invoker.invokeTestMethod(Invoker.java:719)
at org.testng.internal.Invoker.invokeTestMethods(Invoker.java:989)
at org.testng.internal.TestMethodWorker.invokeTestMethods(TestMethodWorker.java:125)
at org.testng.internal.TestMethodWorker.run(TestMethodWorker.java:109)
at org.testng.TestRunner.privateRun(TestRunner.java:648)
at org.testng.TestRunner.run(TestRunner.java:505)
at org.testng.SuiteRunner.runTest(SuiteRunner.java:455)
at org.testng.SuiteRunner.runSequentially(SuiteRunner.java:450)
at org.testng.SuiteRunner.privateRun(SuiteRunner.java:415)
at org.testng.SuiteRunner.run(SuiteRunner.java:364)
at org.testng.SuiteRunnerWorker.runSuite(SuiteRunnerWorker.java:52)
at org.testng.SuiteRunnerWorker.run(SuiteRunnerWorker.java:84)
at org.testng.TestNG.runSuitesSequentially(TestNG.java:1208)
at org.testng.TestNG.runSuitesLocally(TestNG.java:1137)
at org.testng.TestNG.runSuites(TestNG.java:1049)
at org.testng.TestNG.run(TestNG.java:1017)
at org.testng.remote.AbstractRemoteTestNG.run(AbstractRemoteTestNG.java:115)
at org.testng.remote.RemoteTestNG.initAndRun(RemoteTestNG.java:251)
at org.testng.remote.RemoteTestNG.main(RemoteTestNG.java:77)
]]>
    </error>
  </testcase> <!-- openBrowser -->
  <testcase name="verifyHomePageHeader" time="0.000" classname="com.qa.store.test.VehicleStoreTestCases">
    <skipped/>
  </testcase> <!-- verifyHomePageHeader -->
  <testcase name="verifySubmitButton" time="0.001" classname="com.qa.store.test.VehicleStoreTestCases">
    <skipped/>
  </testcase> <!-- verifySubmitButton -->
  <testcase name="verifyVehicleListOfValues" time="0.000" classname="com.qa.store.test.VehicleStoreTestCases">
    <skipped/>
  </testcase> <!-- verifyVehicleListOfValues -->
</testsuite> <!-- com.qa.store.test.VehicleStoreTestCases -->
